Unity Editor version:    2020.3.25f1 (9b9180224418)
Branch:                  2020.3/staging
Build type:              Release
Batch mode:              YES
macOS version:           Version 12.1 (Build 21C52)
Darwin version:          21.2.0
Architecture:            x86_64
Running under Rosetta:   YES
Available memory:        16384 MB
Using pre-set license
Pro License: NO

COMMAND LINE ARGUMENTS:
/Applications/Unity/Hub/Editor/2020.3.25f1/Unity.app/Contents/MacOS/Unity
-adb2
-batchMode
-noUpm
-name
AssetImportWorker0
-projectPath
/Users/yichen/Documents/GitHub/cart315-2022/Prototype_1/Prototype 1
-logFile
Logs/AssetImportWorker0.log
-srvPort
56790
Successfully changed project path to: /Users/yichen/Documents/GitHub/cart315-2022/Prototype_1/Prototype 1
/Users/yichen/Documents/GitHub/cart315-2022/Prototype_1/Prototype 1
Using Asset Import Pipeline V2.
Refreshing native plugins compatible for Editor in 37.92 ms, found 2 plugins.
Preloading 0 native plugins for Editor in 0.00 ms.
Initialize engine version: 2020.3.25f1 (9b9180224418)
[Subsystems] Discovering subsystems at path /Applications/Unity/Hub/Editor/2020.3.25f1/Unity.app/Contents/Resources/UnitySubsystems
[Subsystems] Discovering subsystems at path /Users/yichen/Documents/GitHub/cart315-2022/Prototype_1/Prototype 1/Assets
GfxDevice: creating device client; threaded=0
2022-01-28 12:01:44.418 Unity[45487:2994771] (null) preferred device: Apple M1 Pro (high power)
2022-01-28 12:01:44.418 Unity[45487:2994771] Metal devices available: 1
2022-01-28 12:01:44.418 Unity[45487:2994771] 0: Apple M1 Pro (high power)
2022-01-28 12:01:44.418 Unity[45487:2994771] Using device Apple M1 Pro (high power)
Initializing Metal device caps: Apple M1 Pro
Initialize mono
Mono path[0] = '/Applications/Unity/Hub/Editor/2020.3.25f1/Unity.app/Contents/Managed'
Mono path[1] = '/Applications/Unity/Hub/Editor/2020.3.25f1/Unity.app/Contents/MonoBleedingEdge/lib/mono/unityjit'
Mono config path = '/Applications/Unity/Hub/Editor/2020.3.25f1/Unity.app/Contents/MonoBleedingEdge/etc'
Using monoOptions --debugger-agent=transport=dt_socket,embedding=1,server=y,suspend=n,address=127.0.0.1:56487
Begin MonoManager ReloadAssembly
Registering precompiled unity dll's ...
Register platform support module: /Applications/Unity/Hub/Editor/2020.3.25f1/PlaybackEngines/WebGLSupport/UnityEditor.WebGL.Extensions.dll
Register platform support module: /Applications/Unity/Hub/Editor/2020.3.25f1/Unity.app/Contents/PlaybackEngines/MacStandaloneSupport/UnityEditor.OSXStandalone.Extensions.dll
Registered in 0.001595 seconds.
Native extension for OSXStandalone target not found
Native extension for WebGL target not found
Refreshing native plugins compatible for Editor in 33.48 ms, found 2 plugins.
Preloading 0 native plugins for Editor in 0.00 ms.
Mono: successfully reloaded assembly
- Completed reload, in  1.174 seconds
Domain Reload Profiling:
	ReloadAssembly (1174ms)
		BeginReloadAssembly (77ms)
			ExecutionOrderSort (0ms)
			DisableScriptedObjects (0ms)
			BackupInstance (0ms)
			ReleaseScriptingObjects (0ms)
			CreateAndSetChildDomain (3ms)
		EndReloadAssembly (986ms)
			LoadAssemblies (75ms)
			RebuildTransferFunctionScriptingTraits (0ms)
			SetupTypeCache (168ms)
			ReleaseScriptCaches (0ms)
			RebuildScriptCaches (40ms)
			SetupLoadedEditorAssemblies (495ms)
				LogAssemblyErrors (0ms)
				InitializePlatformSupportModulesInManaged (14ms)
				SetLoadedEditorAssemblies (1ms)
				RefreshPlugins (34ms)
				BeforeProcessingInitializeOnLoad (33ms)
				ProcessInitializeOnLoadAttributes (308ms)
				ProcessInitializeOnLoadMethodAttributes (106ms)
				AfterProcessingInitializeOnLoad (0ms)
				EditorAssembliesLoaded (1ms)
			ExecutionOrderSort2 (0ms)
			AwakeInstancesAfterBackupRestoration (0ms)
Platform modules already initialized, skipping
Registering precompiled user dll's ...
Registered in 0.003953 seconds.
Begin MonoManager ReloadAssembly
Native extension for OSXStandalone target not found
Native extension for WebGL target not found
Refreshing native plugins compatible for Editor in 0.39 ms, found 2 plugins.
Preloading 0 native plugins for Editor in 0.00 ms.
Mono: successfully reloaded assembly
- Completed reload, in  2.135 seconds
Domain Reload Profiling:
	ReloadAssembly (2137ms)
		BeginReloadAssembly (245ms)
			ExecutionOrderSort (0ms)
			DisableScriptedObjects (31ms)
			BackupInstance (0ms)
			ReleaseScriptingObjects (0ms)
			CreateAndSetChildDomain (31ms)
		EndReloadAssembly (1801ms)
			LoadAssemblies (185ms)
			RebuildTransferFunctionScriptingTraits (0ms)
			SetupTypeCache (327ms)
			ReleaseScriptCaches (1ms)
			RebuildScriptCaches (49ms)
			SetupLoadedEditorAssemblies (997ms)
				LogAssemblyErrors (0ms)
				InitializePlatformSupportModulesInManaged (17ms)
				SetLoadedEditorAssemblies (2ms)
				RefreshPlugins (0ms)
				BeforeProcessingInitializeOnLoad (184ms)
				ProcessInitializeOnLoadAttributes (767ms)
				ProcessInitializeOnLoadMethodAttributes (26ms)
				AfterProcessingInitializeOnLoad (1ms)
				EditorAssembliesLoaded (1ms)
			ExecutionOrderSort2 (0ms)
			AwakeInstancesAfterBackupRestoration (32ms)
Platform modules already initialized, skipping
Validating Project structure ... 0.000250 seconds.
Shader import version has changed; will reimport all shaders...
Upgrading shader files ...0.000319 seconds.
Application.AssetDatabase Initial Script Refresh Start
RefreshInfo: InitialScriptRefreshV2(NoUpdateAssetOptions) scanfilter:  ... 1 filters
RefreshProfiler: Total: 0.000ms
Application.AssetDatabase Initial Script Refresh End
Application.AssetDatabase.Refresh Start
Application.AssetDatabase.Refresh End
RefreshInfo: StopAssetImportingV2(ForceSynchronousImport) scanfilter: 
RefreshProfiler: Total: 0.000ms
Launching external process: /Applications/Unity/Hub/Editor/2020.3.25f1/Unity.app/Contents/Tools/UnityShaderCompiler
Launched and connected shader compiler UnityShaderCompiler after 0.02 seconds
Initializing Unity extensions:
2022-01-28 12:01:49.247 Unity[45487:2994771] NSEventModifierFlagFunction specified to -setKeyEquivalentModifierMask: for item <NSMenuItem: 0x600002f8f410 Font Asset, ke='Command-F12'>, but is only supported for system-provided menu items; will not be used
2022-01-28 12:01:49.251 Unity[45487:2994771] NSEventModifierFlagFunction specified to -setKeyEquivalentModifierMask: for item <NSMenuItem: 0x600002f98770 Font Asset, ke='Command-F12'>, but is only supported for system-provided menu items; will not be used
========================================================================
Worker process is ready to serve import requests
Refreshing native plugins compatible for Editor in 0.39 ms, found 2 plugins.
Preloading 0 native plugins for Editor in 0.00 ms.
Unloading 1862 Unused Serialized files (Serialized files now loaded: 0)
System memory in use before: 179.4 MB.
System memory in use after: 178.5 MB.

Unloading 91 unused Assets to reduce memory usage. Loaded Objects now: 2332.
Total: 2.919917 ms (FindLiveObjects: 0.104333 ms CreateObjectMapping: 0.037500 ms MarkObjects: 2.305083 ms  DeleteObjects: 0.471625 ms)

AssetImportParameters requested are different than current active one (requested -> active):
  custom:video-decoder-ogg-theora: a1e56fd34408186e4bbccfd4996cb3dc -> 
  custom:container-muxer-webm: aa71ff27fc2769a1b78a27578f13a17b -> 
  custom:container-demuxer-webm: 4f35f7cbe854078d1ac9338744f61a02 -> 
  custom:container-demuxer-ogg: 62fdf1f143b41e24485cea50d1cbac27 -> 
  custom:video-encoder-webm-vp8: eb34c28f22e8b96e1ab97ce403110664 -> 
  custom:framework-osx-AVFoundation: e770b220cccbd017edd2c1fefb359320 -> 
  custom:video-decoder-webm-vp8: 9c59270c3fd7afecdb556c50c9e8de78 -> 
  custom:audio-decoder-ogg-vorbis: bf7c407c2cedff20999df2af8eb42d56 -> 
  custom:audio-encoder-webm-vorbis: bf7c407c2cedff20999df2af8eb42d56 -> 
========================================================================
Received Import Request.
  path: Packages/com.unity.ugui
  artifactKey: Guid(8f7652e09069a1943278893d4264401e) Importer(815301076,1909f56bfc062723c751e8b465ee728b)
Start importing Packages/com.unity.ugui using Guid(8f7652e09069a1943278893d4264401e) Importer(815301076,1909f56bfc062723c751e8b465ee728b)  -> (artifact id: '9be8eef517426cf4e5d1ef023f0f7cab') in 0.006522 seconds 
  Import took 0.009012 seconds .

========================================================================
Received Import Request.
  Time since last request: 0.000257 seconds.
  path: Packages/com.unity.probuilder
  artifactKey: Guid(0688813bcd53bae104e71054b489a651) Importer(815301076,1909f56bfc062723c751e8b465ee728b)
Start importing Packages/com.unity.probuilder using Guid(0688813bcd53bae104e71054b489a651) Importer(815301076,1909f56bfc062723c751e8b465ee728b)  -> (artifact id: 'f55d894d572ef09f671b499181d871e6') in 0.000895 seconds 
  Import took 0.002992 seconds .

========================================================================
Received Import Request.
  Time since last request: 0.437906 seconds.
  path: Packages/com.unity.services.core
  artifactKey: Guid(3c952e89bf6b2a98a63dad340d4211e2) Importer(815301076,1909f56bfc062723c751e8b465ee728b)
Start importing Packages/com.unity.services.core using Guid(3c952e89bf6b2a98a63dad340d4211e2) Importer(815301076,1909f56bfc062723c751e8b465ee728b)  -> (artifact id: '18edced15c1d57d4f2bccd26a466dc71') in 0.002279 seconds 
  Import took 0.006103 seconds .

========================================================================
Received Import Request.
  Time since last request: 1.246531 seconds.
  path: Packages/com.unity.settings-manager
  artifactKey: Guid(5805641c8eed98caa841c6b791d1653a) Importer(815301076,1909f56bfc062723c751e8b465ee728b)
Start importing Packages/com.unity.settings-manager using Guid(5805641c8eed98caa841c6b791d1653a) Importer(815301076,1909f56bfc062723c751e8b465ee728b)  -> (artifact id: '50e9be95ed818cf2207d0c8e41c094ee') in 0.001975 seconds 
  Import took 0.005412 seconds .

========================================================================
Received Import Request.
  Time since last request: 0.504486 seconds.
  path: Packages/com.unity.test-framework
  artifactKey: Guid(6023f2b823fc19b4e4a90875281ff117) Importer(815301076,1909f56bfc062723c751e8b465ee728b)
Start importing Packages/com.unity.test-framework using Guid(6023f2b823fc19b4e4a90875281ff117) Importer(815301076,1909f56bfc062723c751e8b465ee728b)  -> (artifact id: '7b3fecfc8d873fe96244889d860a7252') in 0.001718 seconds 
  Import took 0.005113 seconds .

========================================================================
Received Import Request.
  Time since last request: 0.465687 seconds.
  path: Packages/com.unity.textmeshpro
  artifactKey: Guid(cabaa672b0e3ee91fa7b6da4daab7970) Importer(815301076,1909f56bfc062723c751e8b465ee728b)
Start importing Packages/com.unity.textmeshpro using Guid(cabaa672b0e3ee91fa7b6da4daab7970) Importer(815301076,1909f56bfc062723c751e8b465ee728b)  -> (artifact id: '169a733f15e62358392572f7d3dbae7f') in 0.001922 seconds 
  Import took 0.005762 seconds .

========================================================================
Received Import Request.
  Time since last request: 1.523074 seconds.
  path: Packages/com.unity.ide.visualstudio
  artifactKey: Guid(9db636ca49aa246019dd93b7c8b689f4) Importer(815301076,1909f56bfc062723c751e8b465ee728b)
Start importing Packages/com.unity.ide.visualstudio using Guid(9db636ca49aa246019dd93b7c8b689f4) Importer(815301076,1909f56bfc062723c751e8b465ee728b)  -> (artifact id: '97ec95a5506f2bdeeee79941468489e5') in 0.001788 seconds 
  Import took 0.004546 seconds .

========================================================================
Received Import Request.
  Time since last request: 0.648490 seconds.
  path: Packages/com.unity.ide.vscode
  artifactKey: Guid(1c61a04a5b7737c4d16673d64be4194e) Importer(815301076,1909f56bfc062723c751e8b465ee728b)
Start importing Packages/com.unity.ide.vscode using Guid(1c61a04a5b7737c4d16673d64be4194e) Importer(815301076,1909f56bfc062723c751e8b465ee728b)  -> (artifact id: '6eb59e90e7b94b511476370c7399373e') in 0.002067 seconds 
  Import took 0.006425 seconds .

========================================================================
Received Import Request.
  Time since last request: 1.702549 seconds.
  path: Packages/com.unity.ext.nunit
  artifactKey: Guid(25a477c2f24db8778a4179421a32cc21) Importer(815301076,1909f56bfc062723c751e8b465ee728b)
Start importing Packages/com.unity.ext.nunit using Guid(25a477c2f24db8778a4179421a32cc21) Importer(815301076,1909f56bfc062723c751e8b465ee728b)  -> (artifact id: 'de8b3f671dc9f0a57b867a67d4aae8de') in 0.002009 seconds 
  Import took 0.005575 seconds .

========================================================================
Received Import Request.
  Time since last request: 0.630899 seconds.
  path: Packages/com.unity.nuget.newtonsoft-json
  artifactKey: Guid(7e7d2b05dd6ea119ce16861d56d99a82) Importer(815301076,1909f56bfc062723c751e8b465ee728b)
Start importing Packages/com.unity.nuget.newtonsoft-json using Guid(7e7d2b05dd6ea119ce16861d56d99a82) Importer(815301076,1909f56bfc062723c751e8b465ee728b)  -> (artifact id: 'fa4b8fa352b752a3e644067b33aa63ec') in 0.002158 seconds 
  Import took 0.006342 seconds .

========================================================================
Received Import Request.
  Time since last request: 0.670051 seconds.
  path: Packages/com.unity.ide.rider
  artifactKey: Guid(ea5aa18a49e4f29d74984ea0ea11a238) Importer(815301076,1909f56bfc062723c751e8b465ee728b)
Start importing Packages/com.unity.ide.rider using Guid(ea5aa18a49e4f29d74984ea0ea11a238) Importer(815301076,1909f56bfc062723c751e8b465ee728b)  -> (artifact id: '38d02623396ab86594f3405d33b9714f') in 0.001821 seconds 
  Import took 0.005028 seconds .

